# JRE version: Java(TM) SE Runtime Environment (17.0.8+9) (build 17.0.8+9-LTS-211)
# Java VM: Java HotSpot(TM) 64-Bit Server VM (17.0.8+9-LTS-211, mixed mode, sharing, tiered, compressed oops, compressed class ptrs, g1 gc, windows-amd64)
GC Precious Log:
 CPUs: 12 total, 12 available
 Memory: 16297M
 Large Page Support: Disabled
 NUMA Support: Disabled
 Compressed Oops: Enabled (Zero based)
 Heap Region Size: 2M
 Heap Min Capacity: 8M
 Heap Initial Capacity: 256M
 Heap Max Capacity: 4076M
 Pre-touch: Disabled
 Parallel Workers: 10
 Concurrent Workers: 3
 Concurrent Refinement Workers: 10
 Periodic GC: Disabled
Heap:
 garbage-first heap   total 161792K, used 52916K [0x0000000701400000, 0x0000000800000000)
  region size 2048K, 15 young (30720K), 2 survivors (4096K)
 Metaspace       used 66128K, committed 66688K, reserved 1114112K
  class space    used 9060K, committed 9344K, reserved 1048576K
GC Heap History (20 events):
Event: 1.716 GC heap before
{Heap before GC invocations=5 (full 0):
 garbage-first heap   total 61440K, used 37954K [0x0000000701400000, 0x0000000800000000)
  region size 2048K, 13 young (26624K), 2 survivors (4096K)
 Metaspace       used 29141K, committed 29568K, reserved 1114112K
  class space    used 3825K, committed 4032K, reserved 1048576K
}
Event: 1.718 GC heap after
{Heap after GC invocations=6 (full 0):
 garbage-first heap   total 61440K, used 17431K [0x0000000701400000, 0x0000000800000000)
  region size 2048K, 2 young (4096K), 2 survivors (4096K)
 Metaspace       used 29141K, committed 29568K, reserved 1114112K
  class space    used 3825K, committed 4032K, reserved 1048576K
}
Event: 1.986 GC heap before
{Heap before GC invocations=6 (full 0):
 garbage-first heap   total 61440K, used 42007K [0x0000000701400000, 0x0000000800000000)
  region size 2048K, 14 young (28672K), 2 survivors (4096K)
 Metaspace       used 32888K, committed 33344K, reserved 1114112K
  class space    used 4327K, committed 4544K, reserved 1048576K
}
Event: 1.989 GC heap after
{Heap after GC invocations=7 (full 0):
 garbage-first heap   total 61440K, used 18802K [0x0000000701400000, 0x0000000800000000)
  region size 2048K, 1 young (2048K), 1 survivors (2048K)
 Metaspace       used 32888K, committed 33344K, reserved 1114112K
  class space    used 4327K, committed 4544K, reserved 1048576K
}
Event: 2.135 GC heap before
{Heap before GC invocations=7 (full 0):
 garbage-first heap   total 61440K, used 29042K [0x0000000701400000, 0x0000000800000000)
  region size 2048K, 7 young (14336K), 1 survivors (2048K)
 Metaspace       used 35549K, committed 35968K, reserved 1114112K
  class space    used 4746K, committed 4928K, reserved 1048576K
}
Event: 2.137 GC heap after
{Heap after GC invocations=8 (full 0):
 garbage-first heap   total 61440K, used 19096K [0x0000000701400000, 0x0000000800000000)
  region size 2048K, 1 young (2048K), 1 survivors (2048K)
 Metaspace       used 35549K, committed 35968K, reserved 1114112K
  class space    used 4746K, committed 4928K, reserved 1048576K
}
Event: 2.525 GC heap before
{Heap before GC invocations=9 (full 0):
 garbage-first heap   total 61440K, used 43672K [0x0000000701400000, 0x0000000800000000)
  region size 2048K, 13 young (26624K), 1 survivors (2048K)
 Metaspace       used 45295K, committed 45760K, reserved 1114112K
  class space    used 6023K, committed 6272K, reserved 1048576K
}
Event: 2.527 GC heap after
{Heap after GC invocations=10 (full 0):
 garbage-first heap   total 61440K, used 21477K [0x0000000701400000, 0x0000000800000000)
  region size 2048K, 2 young (4096K), 2 survivors (4096K)
 Metaspace       used 45295K, committed 45760K, reserved 1114112K
  class space    used 6023K, committed 6272K, reserved 1048576K
}
Event: 2.771 GC heap before
{Heap before GC invocations=10 (full 0):
 garbage-first heap   total 61440K, used 44005K [0x0000000701400000, 0x0000000800000000)
  region size 2048K, 13 young (26624K), 2 survivors (4096K)
 Metaspace       used 49587K, committed 50112K, reserved 1114112K
  class space    used 6544K, committed 6784K, reserved 1048576K
}
Event: 2.774 GC heap after
{Heap after GC invocations=11 (full 0):
 garbage-first heap   total 61440K, used 22910K [0x0000000701400000, 0x0000000800000000)
  region size 2048K, 1 young (2048K), 1 survivors (2048K)
 Metaspace       used 49587K, committed 50112K, reserved 1114112K
  class space    used 6544K, committed 6784K, reserved 1048576K
}
Event: 3.049 GC heap before
{Heap before GC invocations=11 (full 0):
 garbage-first heap   total 61440K, used 45438K [0x0000000701400000, 0x0000000800000000)
  region size 2048K, 12 young (24576K), 1 survivors (2048K)
 Metaspace       used 55219K, committed 55744K, reserved 1114112K
  class space    used 7525K, committed 7808K, reserved 1048576K
}
Event: 3.051 GC heap after
{Heap after GC invocations=12 (full 0):
 garbage-first heap   total 61440K, used 23722K [0x0000000701400000, 0x0000000800000000)
  region size 2048K, 2 young (4096K), 2 survivors (4096K)
 Metaspace       used 55219K, committed 55744K, reserved 1114112K
  class space    used 7525K, committed 7808K, reserved 1048576K
}
Event: 3.288 GC heap before
{Heap before GC invocations=12 (full 0):
 garbage-first heap   total 61440K, used 42154K [0x0000000701400000, 0x0000000800000000)
  region size 2048K, 12 young (24576K), 2 survivors (4096K)
 Metaspace       used 59114K, committed 59648K, reserved 1114112K
  class space    used 8095K, committed 8384K, reserved 1048576K
}
Event: 3.290 GC heap after
{Heap after GC invocations=13 (full 0):
 garbage-first heap   total 61440K, used 24562K [0x0000000701400000, 0x0000000800000000)
  region size 2048K, 1 young (2048K), 1 survivors (2048K)
 Metaspace       used 59114K, committed 59648K, reserved 1114112K
  class space    used 8095K, committed 8384K, reserved 1048576K
}
Event: 3.391 GC heap before
{Heap before GC invocations=13 (full 0):
 garbage-first heap   total 61440K, used 26610K [0x0000000701400000, 0x0000000800000000)
  region size 2048K, 3 young (6144K), 1 survivors (2048K)
 Metaspace       used 59656K, committed 60160K, reserved 1114112K
  class space    used 8147K, committed 8384K, reserved 1048576K
}
Event: 3.392 GC heap after
{Heap after GC invocations=14 (full 0):
 garbage-first heap   total 61440K, used 24904K [0x0000000701400000, 0x0000000800000000)
  region size 2048K, 2 young (4096K), 2 survivors (4096K)
 Metaspace       used 59656K, committed 60160K, reserved 1114112K
  class space    used 8147K, committed 8384K, reserved 1048576K
}
Event: 3.632 GC heap before
{Heap before GC invocations=15 (full 0):
 garbage-first heap   total 61440K, used 45384K [0x0000000701400000, 0x0000000800000000)
  region size 2048K, 12 young (24576K), 2 survivors (4096K)
 Metaspace       used 62708K, committed 63232K, reserved 1114112K
  class space    used 8609K, committed 8832K, reserved 1048576K
}
Event: 3.635 GC heap after
{Heap after GC invocations=16 (full 0):
 garbage-first heap   total 61440K, used 26547K [0x0000000701400000, 0x0000000800000000)
  region size 2048K, 2 young (4096K), 2 survivors (4096K)
 Metaspace       used 62708K, committed 63232K, reserved 1114112K
  class space    used 8609K, committed 8832K, reserved 1048576K
}
Event: 3.805 GC heap before
{Heap before GC invocations=16 (full 0):
 garbage-first heap   total 61440K, used 47027K [0x0000000701400000, 0x0000000800000000)
  region size 2048K, 12 young (24576K), 2 survivors (4096K)
 Metaspace       used 64297K, committed 64832K, reserved 1114112K
  class space    used 8809K, committed 9024K, reserved 1048576K
}
Event: 3.808 GC heap after
{Heap after GC invocations=17 (full 0):
 garbage-first heap   total 161792K, used 28340K [0x0000000701400000, 0x0000000800000000)
  region size 2048K, 2 young (4096K), 2 survivors (4096K)
 Metaspace       used 64297K, committed 64832K, reserved 1114112K
  class space    used 8809K, committed 9024K, reserved 1048576K
}

