# JRE version: Java(TM) SE Runtime Environment (17.0.8+9) (build 17.0.8+9-LTS-211)
# Java VM: Java HotSpot(TM) 64-Bit Server VM (17.0.8+9-LTS-211, mixed mode, sharing, tiered, compressed oops, compressed class ptrs, g1 gc, windows-amd64)
GC Precious Log:
 CPUs: 12 total, 12 available
 Memory: 16297M
 Large Page Support: Disabled
 NUMA Support: Disabled
 Compressed Oops: Enabled (Zero based)
 Heap Region Size: 2M
 Heap Min Capacity: 8M
 Heap Initial Capacity: 256M
 Heap Max Capacity: 4076M
 Pre-touch: Disabled
 Parallel Workers: 10
 Concurrent Workers: 3
 Concurrent Refinement Workers: 10
 Periodic GC: Disabled
Heap:
 garbage-first heap   total 61440K, used 32114K [0x0000000701400000, 0x0000000800000000)
  region size 2048K, 2 young (4096K), 1 survivors (2048K)
 Metaspace       used 76060K, committed 76672K, reserved 1179648K
  class space    used 9908K, committed 10176K, reserved 1048576K
GC Heap History (20 events):
Event: 23.018 GC heap before
{Heap before GC invocations=37 (full 0):
 garbage-first heap   total 61440K, used 50446K [0x0000000701400000, 0x0000000800000000)
  region size 2048K, 10 young (20480K), 1 survivors (2048K)
 Metaspace       used 76024K, committed 76608K, reserved 1179648K
  class space    used 9908K, committed 10176K, reserved 1048576K
}
Event: 23.020 GC heap after
{Heap after GC invocations=38 (full 0):
 garbage-first heap   total 61440K, used 32026K [0x0000000701400000, 0x0000000800000000)
  region size 2048K, 1 young (2048K), 1 survivors (2048K)
 Metaspace       used 76024K, committed 76608K, reserved 1179648K
  class space    used 9908K, committed 10176K, reserved 1048576K
}
Event: 23.247 GC heap before
{Heap before GC invocations=39 (full 0):
 garbage-first heap   total 61440K, used 50458K [0x0000000701400000, 0x0000000800000000)
  region size 2048K, 10 young (20480K), 1 survivors (2048K)
 Metaspace       used 76029K, committed 76608K, reserved 1179648K
  class space    used 9908K, committed 10176K, reserved 1048576K
}
Event: 23.249 GC heap after
{Heap after GC invocations=40 (full 0):
 garbage-first heap   total 61440K, used 32041K [0x0000000701400000, 0x0000000800000000)
  region size 2048K, 1 young (2048K), 1 survivors (2048K)
 Metaspace       used 76029K, committed 76608K, reserved 1179648K
  class space    used 9908K, committed 10176K, reserved 1048576K
}
Event: 23.462 GC heap before
{Heap before GC invocations=40 (full 0):
 garbage-first heap   total 61440K, used 50473K [0x0000000701400000, 0x0000000800000000)
  region size 2048K, 10 young (20480K), 1 survivors (2048K)
 Metaspace       used 76029K, committed 76608K, reserved 1179648K
  class space    used 9908K, committed 10176K, reserved 1048576K
}
Event: 23.464 GC heap after
{Heap after GC invocations=41 (full 0):
 garbage-first heap   total 61440K, used 32043K [0x0000000701400000, 0x0000000800000000)
  region size 2048K, 1 young (2048K), 1 survivors (2048K)
 Metaspace       used 76029K, committed 76608K, reserved 1179648K
  class space    used 9908K, committed 10176K, reserved 1048576K
}
Event: 23.695 GC heap before
{Heap before GC invocations=42 (full 0):
 garbage-first heap   total 61440K, used 50475K [0x0000000701400000, 0x0000000800000000)
  region size 2048K, 10 young (20480K), 1 survivors (2048K)
 Metaspace       used 76036K, committed 76608K, reserved 1179648K
  class space    used 9908K, committed 10176K, reserved 1048576K
}
Event: 23.697 GC heap after
{Heap after GC invocations=43 (full 0):
 garbage-first heap   total 61440K, used 32027K [0x0000000701400000, 0x0000000800000000)
  region size 2048K, 1 young (2048K), 1 survivors (2048K)
 Metaspace       used 76036K, committed 76608K, reserved 1179648K
  class space    used 9908K, committed 10176K, reserved 1048576K
}
Event: 23.903 GC heap before
{Heap before GC invocations=43 (full 0):
 garbage-first heap   total 61440K, used 50459K [0x0000000701400000, 0x0000000800000000)
  region size 2048K, 10 young (20480K), 1 survivors (2048K)
 Metaspace       used 76051K, committed 76672K, reserved 1179648K
  class space    used 9908K, committed 10176K, reserved 1048576K
}
Event: 23.905 GC heap after
{Heap after GC invocations=44 (full 0):
 garbage-first heap   total 61440K, used 32054K [0x0000000701400000, 0x0000000800000000)
  region size 2048K, 1 young (2048K), 1 survivors (2048K)
 Metaspace       used 76051K, committed 76672K, reserved 1179648K
  class space    used 9908K, committed 10176K, reserved 1048576K
}
Event: 24.109 GC heap before
{Heap before GC invocations=45 (full 0):
 garbage-first heap   total 61440K, used 50486K [0x0000000701400000, 0x0000000800000000)
  region size 2048K, 10 young (20480K), 1 survivors (2048K)
 Metaspace       used 76051K, committed 76672K, reserved 1179648K
  class space    used 9908K, committed 10176K, reserved 1048576K
}
Event: 24.111 GC heap after
{Heap after GC invocations=46 (full 0):
 garbage-first heap   total 61440K, used 32072K [0x0000000701400000, 0x0000000800000000)
  region size 2048K, 1 young (2048K), 1 survivors (2048K)
 Metaspace       used 76051K, committed 76672K, reserved 1179648K
  class space    used 9908K, committed 10176K, reserved 1048576K
}
Event: 24.310 GC heap before
{Heap before GC invocations=46 (full 0):
 garbage-first heap   total 61440K, used 50504K [0x0000000701400000, 0x0000000800000000)
  region size 2048K, 10 young (20480K), 1 survivors (2048K)
 Metaspace       used 76058K, committed 76672K, reserved 1179648K
  class space    used 9908K, committed 10176K, reserved 1048576K
}
Event: 24.312 GC heap after
{Heap after GC invocations=47 (full 0):
 garbage-first heap   total 61440K, used 32067K [0x0000000701400000, 0x0000000800000000)
  region size 2048K, 1 young (2048K), 1 survivors (2048K)
 Metaspace       used 76058K, committed 76672K, reserved 1179648K
  class space    used 9908K, committed 10176K, reserved 1048576K
}
Event: 24.511 GC heap before
{Heap before GC invocations=48 (full 0):
 garbage-first heap   total 61440K, used 50499K [0x0000000701400000, 0x0000000800000000)
  region size 2048K, 10 young (20480K), 1 survivors (2048K)
 Metaspace       used 76060K, committed 76672K, reserved 1179648K
  class space    used 9908K, committed 10176K, reserved 1048576K
}
Event: 24.512 GC heap after
{Heap after GC invocations=49 (full 0):
 garbage-first heap   total 61440K, used 32080K [0x0000000701400000, 0x0000000800000000)
  region size 2048K, 1 young (2048K), 1 survivors (2048K)
 Metaspace       used 76060K, committed 76672K, reserved 1179648K
  class space    used 9908K, committed 10176K, reserved 1048576K
}
Event: 24.693 GC heap before
{Heap before GC invocations=49 (full 0):
 garbage-first heap   total 61440K, used 50512K [0x0000000701400000, 0x0000000800000000)
  region size 2048K, 10 young (20480K), 1 survivors (2048K)
 Metaspace       used 76060K, committed 76672K, reserved 1179648K
  class space    used 9908K, committed 10176K, reserved 1048576K
}
Event: 24.694 GC heap after
{Heap after GC invocations=50 (full 0):
 garbage-first heap   total 61440K, used 32089K [0x0000000701400000, 0x0000000800000000)
  region size 2048K, 1 young (2048K), 1 survivors (2048K)
 Metaspace       used 76060K, committed 76672K, reserved 1179648K
  class space    used 9908K, committed 10176K, reserved 1048576K
}
Event: 24.897 GC heap before
{Heap before GC invocations=51 (full 0):
 garbage-first heap   total 61440K, used 50521K [0x0000000701400000, 0x0000000800000000)
  region size 2048K, 10 young (20480K), 1 survivors (2048K)
 Metaspace       used 76060K, committed 76672K, reserved 1179648K
  class space    used 9908K, committed 10176K, reserved 1048576K
}
Event: 24.898 GC heap after
{Heap after GC invocations=52 (full 0):
 garbage-first heap   total 61440K, used 32114K [0x0000000701400000, 0x0000000800000000)
  region size 2048K, 1 young (2048K), 1 survivors (2048K)
 Metaspace       used 76060K, committed 76672K, reserved 1179648K
  class space    used 9908K, committed 10176K, reserved 1048576K
}

