# JRE version: Java(TM) SE Runtime Environment (17.0.8+9) (build 17.0.8+9-LTS-211)
# Java VM: Java HotSpot(TM) 64-Bit Server VM (17.0.8+9-LTS-211, mixed mode, sharing, tiered, compressed oops, compressed class ptrs, g1 gc, windows-amd64)
GC Precious Log:
 CPUs: 12 total, 12 available
 Memory: 16297M
 Large Page Support: Disabled
 NUMA Support: Disabled
 Compressed Oops: Enabled (Zero based)
 Heap Region Size: 2M
 Heap Min Capacity: 8M
 Heap Initial Capacity: 256M
 Heap Max Capacity: 4076M
 Pre-touch: Disabled
 Parallel Workers: 10
 Concurrent Workers: 3
 Concurrent Refinement Workers: 10
 Periodic GC: Disabled
Heap:
 garbage-first heap   total 90112K, used 65665K [0x0000000701400000, 0x0000000800000000)
  region size 2048K, 20 young (40960K), 2 survivors (4096K)
 Metaspace       used 76744K, committed 77248K, reserved 1179648K
  class space    used 9989K, committed 10240K, reserved 1048576K
GC Heap History (20 events):
Event: 3.981 GC heap before
{Heap before GC invocations=16 (full 0):
 garbage-first heap   total 90112K, used 30002K [0x0000000701400000, 0x0000000800000000)
  region size 2048K, 5 young (10240K), 4 survivors (8192K)
 Metaspace       used 65484K, committed 65984K, reserved 1114112K
  class space    used 8965K, committed 9216K, reserved 1048576K
}
Event: 3.984 GC heap after
{Heap after GC invocations=17 (full 0):
 garbage-first heap   total 90112K, used 29030K [0x0000000701400000, 0x0000000800000000)
  region size 2048K, 1 young (2048K), 1 survivors (2048K)
 Metaspace       used 65484K, committed 65984K, reserved 1114112K
  class space    used 8965K, committed 9216K, reserved 1048576K
}
Event: 134.453 GC heap before
{Heap before GC invocations=17 (full 0):
 garbage-first heap   total 90112K, used 67942K [0x0000000701400000, 0x0000000800000000)
  region size 2048K, 20 young (40960K), 1 survivors (2048K)
 Metaspace       used 71672K, committed 72256K, reserved 1114112K
  class space    used 9821K, committed 10112K, reserved 1048576K
}
Event: 134.455 GC heap after
{Heap after GC invocations=18 (full 0):
 garbage-first heap   total 90112K, used 29798K [0x0000000701400000, 0x0000000800000000)
  region size 2048K, 1 young (2048K), 1 survivors (2048K)
 Metaspace       used 71672K, committed 72256K, reserved 1114112K
  class space    used 9821K, committed 10112K, reserved 1048576K
}
Event: 149.624 GC heap before
{Heap before GC invocations=18 (full 0):
 garbage-first heap   total 90112K, used 70758K [0x0000000701400000, 0x0000000800000000)
  region size 2048K, 21 young (43008K), 1 survivors (2048K)
 Metaspace       used 74355K, committed 74944K, reserved 1114112K
  class space    used 9986K, committed 10240K, reserved 1048576K
}
Event: 149.626 GC heap after
{Heap after GC invocations=19 (full 0):
 garbage-first heap   total 90112K, used 30782K [0x0000000701400000, 0x0000000800000000)
  region size 2048K, 2 young (4096K), 2 survivors (4096K)
 Metaspace       used 74355K, committed 74944K, reserved 1114112K
  class space    used 9986K, committed 10240K, reserved 1048576K
}
Event: 150.211 GC heap before
{Heap before GC invocations=19 (full 0):
 garbage-first heap   total 90112K, used 69694K [0x0000000701400000, 0x0000000800000000)
  region size 2048K, 21 young (43008K), 2 survivors (4096K)
 Metaspace       used 76143K, committed 76672K, reserved 1179648K
  class space    used 9988K, committed 10240K, reserved 1048576K
}
Event: 150.214 GC heap after
{Heap after GC invocations=20 (full 0):
 garbage-first heap   total 90112K, used 30880K [0x0000000701400000, 0x0000000800000000)
  region size 2048K, 2 young (4096K), 2 survivors (4096K)
 Metaspace       used 76143K, committed 76672K, reserved 1179648K
  class space    used 9988K, committed 10240K, reserved 1048576K
}
Event: 150.739 GC heap before
{Heap before GC invocations=20 (full 0):
 garbage-first heap   total 90112K, used 71840K [0x0000000701400000, 0x0000000800000000)
  region size 2048K, 22 young (45056K), 2 survivors (4096K)
 Metaspace       used 76656K, committed 77184K, reserved 1179648K
  class space    used 9988K, committed 10240K, reserved 1048576K
}
Event: 150.742 GC heap after
{Heap after GC invocations=21 (full 0):
 garbage-first heap   total 90112K, used 30965K [0x0000000701400000, 0x0000000800000000)
  region size 2048K, 2 young (4096K), 2 survivors (4096K)
 Metaspace       used 76656K, committed 77184K, reserved 1179648K
  class space    used 9988K, committed 10240K, reserved 1048576K
}
Event: 151.235 GC heap before
{Heap before GC invocations=21 (full 0):
 garbage-first heap   total 90112K, used 71925K [0x0000000701400000, 0x0000000800000000)
  region size 2048K, 22 young (45056K), 2 survivors (4096K)
 Metaspace       used 76685K, committed 77248K, reserved 1179648K
  class space    used 9988K, committed 10240K, reserved 1048576K
}
Event: 151.238 GC heap after
{Heap after GC invocations=22 (full 0):
 garbage-first heap   total 90112K, used 30802K [0x0000000701400000, 0x0000000800000000)
  region size 2048K, 2 young (4096K), 2 survivors (4096K)
 Metaspace       used 76685K, committed 77248K, reserved 1179648K
  class space    used 9988K, committed 10240K, reserved 1048576K
}
Event: 151.740 GC heap before
{Heap before GC invocations=22 (full 0):
 garbage-first heap   total 90112K, used 73810K [0x0000000701400000, 0x0000000800000000)
  region size 2048K, 23 young (47104K), 2 survivors (4096K)
 Metaspace       used 76697K, committed 77248K, reserved 1179648K
  class space    used 9988K, committed 10240K, reserved 1048576K
}
Event: 151.743 GC heap after
{Heap after GC invocations=23 (full 0):
 garbage-first heap   total 90112K, used 30881K [0x0000000701400000, 0x0000000800000000)
  region size 2048K, 2 young (4096K), 2 survivors (4096K)
 Metaspace       used 76697K, committed 77248K, reserved 1179648K
  class space    used 9988K, committed 10240K, reserved 1048576K
}
Event: 152.192 GC heap before
{Heap before GC invocations=23 (full 0):
 garbage-first heap   total 90112K, used 73889K [0x0000000701400000, 0x0000000800000000)
  region size 2048K, 23 young (47104K), 2 survivors (4096K)
 Metaspace       used 76701K, committed 77248K, reserved 1179648K
  class space    used 9988K, committed 10240K, reserved 1048576K
}
Event: 152.195 GC heap after
{Heap after GC invocations=24 (full 0):
 garbage-first heap   total 90112K, used 31000K [0x0000000701400000, 0x0000000800000000)
  region size 2048K, 2 young (4096K), 2 survivors (4096K)
 Metaspace       used 76701K, committed 77248K, reserved 1179648K
  class space    used 9988K, committed 10240K, reserved 1048576K
}
Event: 152.654 GC heap before
{Heap before GC invocations=24 (full 0):
 garbage-first heap   total 90112K, used 74008K [0x0000000701400000, 0x0000000800000000)
  region size 2048K, 23 young (47104K), 2 survivors (4096K)
 Metaspace       used 76733K, committed 77248K, reserved 1179648K
  class space    used 9989K, committed 10240K, reserved 1048576K
}
Event: 152.657 GC heap after
{Heap after GC invocations=25 (full 0):
 garbage-first heap   total 90112K, used 30929K [0x0000000701400000, 0x0000000800000000)
  region size 2048K, 2 young (4096K), 2 survivors (4096K)
 Metaspace       used 76733K, committed 77248K, reserved 1179648K
  class space    used 9989K, committed 10240K, reserved 1048576K
}
Event: 153.092 GC heap before
{Heap before GC invocations=25 (full 0):
 garbage-first heap   total 90112K, used 73937K [0x0000000701400000, 0x0000000800000000)
  region size 2048K, 23 young (47104K), 2 survivors (4096K)
 Metaspace       used 76739K, committed 77248K, reserved 1179648K
  class space    used 9989K, committed 10240K, reserved 1048576K
}
Event: 153.096 GC heap after
{Heap after GC invocations=26 (full 0):
 garbage-first heap   total 90112K, used 30849K [0x0000000701400000, 0x0000000800000000)
  region size 2048K, 2 young (4096K), 2 survivors (4096K)
 Metaspace       used 76739K, committed 77248K, reserved 1179648K
  class space    used 9989K, committed 10240K, reserved 1048576K
}

