# JRE version: Java(TM) SE Runtime Environment (17.0.8+9) (build 17.0.8+9-LTS-211)
# Java VM: Java HotSpot(TM) 64-Bit Server VM (17.0.8+9-LTS-211, mixed mode, sharing, tiered, compressed oops, compressed class ptrs, g1 gc, windows-amd64)
GC Precious Log:
 CPUs: 12 total, 12 available
 Memory: 16297M
 Large Page Support: Disabled
 NUMA Support: Disabled
 Compressed Oops: Enabled (32-bit)
 Heap Region Size: 1M
 Heap Min Capacity: 256M
 Heap Initial Capacity: 256M
 Heap Max Capacity: 512M
 Pre-touch: Disabled
 Parallel Workers: 10
 Concurrent Workers: 3
 Concurrent Refinement Workers: 10
 Periodic GC: Disabled
Heap:
 garbage-first heap   total 262144K, used 132096K [0x00000000e0000000, 0x0000000100000000)
  region size 1024K, 68 young (69632K), 2 survivors (2048K)
 Metaspace       used 64699K, committed 65344K, reserved 393216K
  class space    used 8865K, committed 9152K, reserved 327680K
GC Heap History (18 events):
Event: 0.381 GC heap before
{Heap before GC invocations=0 (full 0):
 garbage-first heap   total 262144K, used 26624K [0x00000000e0000000, 0x0000000100000000)
  region size 1024K, 23 young (23552K), 0 survivors (0K)
 Metaspace       used 3053K, committed 3136K, reserved 393216K
  class space    used 393K, committed 448K, reserved 327680K
}
Event: 0.384 GC heap after
{Heap after GC invocations=1 (full 0):
 garbage-first heap   total 262144K, used 10591K [0x00000000e0000000, 0x0000000100000000)
  region size 1024K, 3 young (3072K), 3 survivors (3072K)
 Metaspace       used 3053K, committed 3136K, reserved 393216K
  class space    used 393K, committed 448K, reserved 327680K
}
Event: 0.645 GC heap before
{Heap before GC invocations=1 (full 0):
 garbage-first heap   total 262144K, used 38239K [0x00000000e0000000, 0x0000000100000000)
  region size 1024K, 30 young (30720K), 3 survivors (3072K)
 Metaspace       used 4003K, committed 4160K, reserved 393216K
  class space    used 492K, committed 576K, reserved 327680K
}
Event: 0.647 GC heap after
{Heap after GC invocations=2 (full 0):
 garbage-first heap   total 262144K, used 11294K [0x00000000e0000000, 0x0000000100000000)
  region size 1024K, 1 young (1024K), 1 survivors (1024K)
 Metaspace       used 4003K, committed 4160K, reserved 393216K
  class space    used 492K, committed 576K, reserved 327680K
}
Event: 1.822 GC heap before
{Heap before GC invocations=2 (full 0):
 garbage-first heap   total 262144K, used 131102K [0x00000000e0000000, 0x0000000100000000)
  region size 1024K, 118 young (120832K), 1 survivors (1024K)
 Metaspace       used 21259K, committed 21504K, reserved 393216K
  class space    used 3155K, committed 3264K, reserved 327680K
}
Event: 1.827 GC heap after
{Heap after GC invocations=3 (full 0):
 garbage-first heap   total 262144K, used 22301K [0x00000000e0000000, 0x0000000100000000)
  region size 1024K, 12 young (12288K), 12 survivors (12288K)
 Metaspace       used 21259K, committed 21504K, reserved 393216K
  class space    used 3155K, committed 3264K, reserved 327680K
}
Event: 2.673 GC heap before
{Heap before GC invocations=4 (full 0):
 garbage-first heap   total 262144K, used 141085K [0x00000000e0000000, 0x0000000100000000)
  region size 1024K, 125 young (128000K), 12 survivors (12288K)
 Metaspace       used 35575K, committed 35968K, reserved 393216K
  class space    used 4995K, committed 5184K, reserved 327680K
}
Event: 2.679 GC heap after
{Heap after GC invocations=5 (full 0):
 garbage-first heap   total 262144K, used 32118K [0x00000000e0000000, 0x0000000100000000)
  region size 1024K, 10 young (10240K), 10 survivors (10240K)
 Metaspace       used 35575K, committed 35968K, reserved 393216K
  class space    used 4995K, committed 5184K, reserved 327680K
}
Event: 3.805 GC heap before
{Heap before GC invocations=6 (full 0):
 garbage-first heap   total 262144K, used 180598K [0x00000000e0000000, 0x0000000100000000)
  region size 1024K, 153 young (156672K), 10 survivors (10240K)
 Metaspace       used 48118K, committed 48704K, reserved 393216K
  class space    used 6937K, committed 7232K, reserved 327680K
}
Event: 3.812 GC heap after
{Heap after GC invocations=7 (full 0):
 garbage-first heap   total 262144K, used 41352K [0x00000000e0000000, 0x0000000100000000)
  region size 1024K, 19 young (19456K), 19 survivors (19456K)
 Metaspace       used 48118K, committed 48704K, reserved 393216K
  class space    used 6937K, committed 7232K, reserved 327680K
}
Event: 4.770 GC heap before
{Heap before GC invocations=7 (full 0):
 garbage-first heap   total 262144K, used 177544K [0x00000000e0000000, 0x0000000100000000)
  region size 1024K, 153 young (156672K), 19 survivors (19456K)
 Metaspace       used 53097K, committed 53632K, reserved 393216K
  class space    used 7488K, committed 7744K, reserved 327680K
}
Event: 4.778 GC heap after
{Heap after GC invocations=8 (full 0):
 garbage-first heap   total 262144K, used 48097K [0x00000000e0000000, 0x0000000100000000)
  region size 1024K, 17 young (17408K), 17 survivors (17408K)
 Metaspace       used 53097K, committed 53632K, reserved 393216K
  class space    used 7488K, committed 7744K, reserved 327680K
}
Event: 5.276 GC heap before
{Heap before GC invocations=8 (full 0):
 garbage-first heap   total 262144K, used 120801K [0x00000000e0000000, 0x0000000100000000)
  region size 1024K, 89 young (91136K), 17 survivors (17408K)
 Metaspace       used 59645K, committed 60160K, reserved 393216K
  class space    used 8314K, committed 8576K, reserved 327680K
}
Event: 5.286 GC heap after
{Heap after GC invocations=9 (full 0):
 garbage-first heap   total 262144K, used 62867K [0x00000000e0000000, 0x0000000100000000)
  region size 1024K, 20 young (20480K), 20 survivors (20480K)
 Metaspace       used 59645K, committed 60160K, reserved 393216K
  class space    used 8314K, committed 8576K, reserved 327680K
}
Event: 29.269 GC heap before
{Heap before GC invocations=10 (full 0):
 garbage-first heap   total 262144K, used 192915K [0x00000000e0000000, 0x0000000100000000)
  region size 1024K, 147 young (150528K), 20 survivors (20480K)
 Metaspace       used 64288K, committed 64960K, reserved 393216K
  class space    used 8859K, committed 9152K, reserved 327680K
}
Event: 29.276 GC heap after
{Heap after GC invocations=11 (full 0):
 garbage-first heap   total 262144K, used 66721K [0x00000000e0000000, 0x0000000100000000)
  region size 1024K, 10 young (10240K), 10 survivors (10240K)
 Metaspace       used 64288K, committed 64960K, reserved 393216K
  class space    used 8859K, committed 9152K, reserved 327680K
}
Event: 29.286 GC heap before
{Heap before GC invocations=11 (full 0):
 garbage-first heap   total 262144K, used 68769K [0x00000000e0000000, 0x0000000100000000)
  region size 1024K, 12 young (12288K), 10 survivors (10240K)
 Metaspace       used 64293K, committed 64960K, reserved 393216K
  class space    used 8859K, committed 9152K, reserved 327680K
}
Event: 29.290 GC heap after
{Heap after GC invocations=12 (full 0):
 garbage-first heap   total 262144K, used 65536K [0x00000000e0000000, 0x0000000100000000)
  region size 1024K, 2 young (2048K), 2 survivors (2048K)
 Metaspace       used 64293K, committed 64960K, reserved 393216K
  class space    used 8859K, committed 9152K, reserved 327680K
}

