# JRE version: Java(TM) SE Runtime Environment (17.0.8+9) (build 17.0.8+9-LTS-211)
# Java VM: Java HotSpot(TM) 64-Bit Server VM (17.0.8+9-LTS-211, mixed mode, sharing, tiered, compressed oops, compressed class ptrs, g1 gc, windows-amd64)
GC Precious Log:
 CPUs: 12 total, 12 available
 Memory: 16297M
 Large Page Support: Disabled
 NUMA Support: Disabled
 Compressed Oops: Enabled (Zero based)
 Heap Region Size: 2M
 Heap Min Capacity: 8M
 Heap Initial Capacity: 256M
 Heap Max Capacity: 4076M
 Pre-touch: Disabled
 Parallel Workers: 10
 Concurrent Workers: 3
 Concurrent Refinement Workers: 10
 Periodic GC: Disabled
Heap:
 garbage-first heap   total 159744K, used 86357K [0x0000000701400000, 0x0000000800000000)
  region size 2048K, 31 young (63488K), 3 survivors (6144K)
 Metaspace       used 76920K, committed 77504K, reserved 1179648K
  class space    used 10023K, committed 10304K, reserved 1048576K
GC Heap History (20 events):
Event: 34.724 GC heap before
{Heap before GC invocations=22 (full 0):
 garbage-first heap   total 159744K, used 118922K [0x0000000701400000, 0x0000000800000000)
  region size 2048K, 46 young (94208K), 3 survivors (6144K)
 Metaspace       used 76348K, committed 76992K, reserved 1179648K
  class space    used 9937K, committed 10240K, reserved 1048576K
}
Event: 34.727 GC heap after
{Heap after GC invocations=23 (full 0):
 garbage-first heap   total 159744K, used 30602K [0x0000000701400000, 0x0000000800000000)
  region size 2048K, 3 young (6144K), 3 survivors (6144K)
 Metaspace       used 76348K, committed 76992K, reserved 1179648K
  class space    used 9937K, committed 10240K, reserved 1048576K
}
Event: 36.646 GC heap before
{Heap before GC invocations=23 (full 0):
 garbage-first heap   total 159744K, used 118666K [0x0000000701400000, 0x0000000800000000)
  region size 2048K, 46 young (94208K), 3 survivors (6144K)
 Metaspace       used 76355K, committed 76992K, reserved 1179648K
  class space    used 9938K, committed 10240K, reserved 1048576K
}
Event: 36.649 GC heap after
{Heap after GC invocations=24 (full 0):
 garbage-first heap   total 159744K, used 30911K [0x0000000701400000, 0x0000000800000000)
  region size 2048K, 3 young (6144K), 3 survivors (6144K)
 Metaspace       used 76355K, committed 76992K, reserved 1179648K
  class space    used 9938K, committed 10240K, reserved 1048576K
}
Event: 38.509 GC heap before
{Heap before GC invocations=24 (full 0):
 garbage-first heap   total 159744K, used 118975K [0x0000000701400000, 0x0000000800000000)
  region size 2048K, 46 young (94208K), 3 survivors (6144K)
 Metaspace       used 76358K, committed 76992K, reserved 1179648K
  class space    used 9938K, committed 10240K, reserved 1048576K
}
Event: 38.513 GC heap after
{Heap after GC invocations=25 (full 0):
 garbage-first heap   total 159744K, used 30927K [0x0000000701400000, 0x0000000800000000)
  region size 2048K, 3 young (6144K), 3 survivors (6144K)
 Metaspace       used 76358K, committed 76992K, reserved 1179648K
  class space    used 9938K, committed 10240K, reserved 1048576K
}
Event: 39.611 GC heap before
{Heap before GC invocations=25 (full 0):
 garbage-first heap   total 159744K, used 118991K [0x0000000701400000, 0x0000000800000000)
  region size 2048K, 46 young (94208K), 3 survivors (6144K)
 Metaspace       used 76358K, committed 76992K, reserved 1179648K
  class space    used 9938K, committed 10240K, reserved 1048576K
}
Event: 39.614 GC heap after
{Heap after GC invocations=26 (full 0):
 garbage-first heap   total 159744K, used 30881K [0x0000000701400000, 0x0000000800000000)
  region size 2048K, 3 young (6144K), 3 survivors (6144K)
 Metaspace       used 76358K, committed 76992K, reserved 1179648K
  class space    used 9938K, committed 10240K, reserved 1048576K
}
Event: 40.716 GC heap before
{Heap before GC invocations=26 (full 0):
 garbage-first heap   total 159744K, used 118945K [0x0000000701400000, 0x0000000800000000)
  region size 2048K, 46 young (94208K), 3 survivors (6144K)
 Metaspace       used 76739K, committed 77376K, reserved 1179648K
  class space    used 10000K, committed 10304K, reserved 1048576K
}
Event: 40.719 GC heap after
{Heap after GC invocations=27 (full 0):
 garbage-first heap   total 159744K, used 30913K [0x0000000701400000, 0x0000000800000000)
  region size 2048K, 3 young (6144K), 3 survivors (6144K)
 Metaspace       used 76739K, committed 77376K, reserved 1179648K
  class space    used 10000K, committed 10304K, reserved 1048576K
}
Event: 42.369 GC heap before
{Heap before GC invocations=27 (full 0):
 garbage-first heap   total 159744K, used 118977K [0x0000000701400000, 0x0000000800000000)
  region size 2048K, 46 young (94208K), 3 survivors (6144K)
 Metaspace       used 76747K, committed 77376K, reserved 1179648K
  class space    used 10000K, committed 10304K, reserved 1048576K
}
Event: 42.372 GC heap after
{Heap after GC invocations=28 (full 0):
 garbage-first heap   total 159744K, used 31035K [0x0000000701400000, 0x0000000800000000)
  region size 2048K, 3 young (6144K), 3 survivors (6144K)
 Metaspace       used 76747K, committed 77376K, reserved 1179648K
  class space    used 10000K, committed 10304K, reserved 1048576K
}
Event: 44.305 GC heap before
{Heap before GC invocations=28 (full 0):
 garbage-first heap   total 159744K, used 119099K [0x0000000701400000, 0x0000000800000000)
  region size 2048K, 46 young (94208K), 3 survivors (6144K)
 Metaspace       used 76750K, committed 77376K, reserved 1179648K
  class space    used 10001K, committed 10304K, reserved 1048576K
}
Event: 44.308 GC heap after
{Heap after GC invocations=29 (full 0):
 garbage-first heap   total 159744K, used 30809K [0x0000000701400000, 0x0000000800000000)
  region size 2048K, 3 young (6144K), 3 survivors (6144K)
 Metaspace       used 76750K, committed 77376K, reserved 1179648K
  class space    used 10001K, committed 10304K, reserved 1048576K
}
Event: 82.051 GC heap before
{Heap before GC invocations=29 (full 0):
 garbage-first heap   total 159744K, used 118873K [0x0000000701400000, 0x0000000800000000)
  region size 2048K, 46 young (94208K), 3 survivors (6144K)
 Metaspace       used 76842K, committed 77440K, reserved 1179648K
  class space    used 10012K, committed 10304K, reserved 1048576K
}
Event: 82.055 GC heap after
{Heap after GC invocations=30 (full 0):
 garbage-first heap   total 159744K, used 30921K [0x0000000701400000, 0x0000000800000000)
  region size 2048K, 3 young (6144K), 3 survivors (6144K)
 Metaspace       used 76842K, committed 77440K, reserved 1179648K
  class space    used 10012K, committed 10304K, reserved 1048576K
}
Event: 84.068 GC heap before
{Heap before GC invocations=30 (full 0):
 garbage-first heap   total 159744K, used 118985K [0x0000000701400000, 0x0000000800000000)
  region size 2048K, 46 young (94208K), 3 survivors (6144K)
 Metaspace       used 76864K, committed 77504K, reserved 1179648K
  class space    used 10012K, committed 10304K, reserved 1048576K
}
Event: 84.072 GC heap after
{Heap after GC invocations=31 (full 0):
 garbage-first heap   total 159744K, used 30968K [0x0000000701400000, 0x0000000800000000)
  region size 2048K, 3 young (6144K), 3 survivors (6144K)
 Metaspace       used 76864K, committed 77504K, reserved 1179648K
  class space    used 10012K, committed 10304K, reserved 1048576K
}
Event: 86.081 GC heap before
{Heap before GC invocations=31 (full 0):
 garbage-first heap   total 159744K, used 119032K [0x0000000701400000, 0x0000000800000000)
  region size 2048K, 46 young (94208K), 3 survivors (6144K)
 Metaspace       used 76864K, committed 77504K, reserved 1179648K
  class space    used 10012K, committed 10304K, reserved 1048576K
}
Event: 86.085 GC heap after
{Heap after GC invocations=32 (full 0):
 garbage-first heap   total 159744K, used 31061K [0x0000000701400000, 0x0000000800000000)
  region size 2048K, 3 young (6144K), 3 survivors (6144K)
 Metaspace       used 76864K, committed 77504K, reserved 1179648K
  class space    used 10012K, committed 10304K, reserved 1048576K
}

